#
# There is insufficient memory for the Java Runtime Environment to continue.
# Native memory allocation (mmap) failed to map 65536 bytes. Error detail: Failed to commit metaspace.
# Possible reasons:
#   The system is out of physical RAM or swap space
#   This process is running with CompressedOops enabled, and the Java Heap may be blocking the growth of the native heap
# Possible solutions:
#   Reduce memory load on the system
#   Increase physical memory or swap space
#   Check if swap backing store is full
#   Decrease Java heap size (-Xmx/-Xms)
#   Decrease number of Java threads
#   Decrease Java thread stack sizes (-Xss)
#   Set larger code cache with -XX:ReservedCodeCacheSize=
#   JVM is running with Zero Based Compressed Oops mode in which the Java heap is
#     placed in the first 32GB address space. The Java Heap base address is the
#     maximum limit for the native heap growth. Please use -XX:HeapBaseMinAddress
#     to set the Java Heap base and to place the Java Heap above 32GB virtual address.
# This output file may be truncated or incomplete.
#
#  Out of Memory Error (virtualSpaceNode.cpp:112), pid=27788, tid=22740
#
# JRE version: OpenJDK Runtime Environment JBR-21.0.3+13-509.15-jcef (21.0.3+13) (build 21.0.3+13-b509.15)
# Java VM: OpenJDK 64-Bit Server VM JBR-21.0.3+13-509.15-jcef (21.0.3+13-b509.15, mixed mode, tiered, compressed oops, compressed class ptrs, g1 gc, windows-amd64)
# No core dump will be written. Minidumps are not enabled by default on client versions of Windows
#

---------------  S U M M A R Y ------------

Command Line: -agentpath:C:\Program Files\Palo Alto Networks\Traps\cyjagent.dll git4idea.http.GitAskPassApp Username for 'https://github.com': 

Host: 11th Gen Intel(R) Core(TM) i3-1125G4 @ 2.00GHz, 8 cores, 15G,  Windows 11 , 64 bit Build 22621 (10.0.22621.4391)
Time: Fri Dec 27 18:08:18 2024 Vest-Europa (normaltid) elapsed time: 2.736834 seconds (0d 0h 0m 2s)

---------------  T H R E A D  ---------------

Current thread (0x00000230050b2c20):  JavaThread "main"             [_thread_in_vm, id=22740, stack(0x00000036ae300000,0x00000036ae400000) (1024K)]

Stack: [0x00000036ae300000,0x00000036ae400000]
Native frames: (J=compiled Java code, j=interpreted, Vv=VM code, C=native code)
V  [jvm.dll+0x6e02f9]
V  [jvm.dll+0x8bd383]
V  [jvm.dll+0x8bf8de]
V  [jvm.dll+0x8bffc3]
V  [jvm.dll+0x2879c6]
V  [jvm.dll+0x8b81ce]
V  [jvm.dll+0x6819a5]
V  [jvm.dll+0x681a0a]
V  [jvm.dll+0x684226]
V  [jvm.dll+0x6840f2]
V  [jvm.dll+0x68235e]
V  [jvm.dll+0x284096]
V  [jvm.dll+0x73700a]
V  [jvm.dll+0x737b4f]
V  [jvm.dll+0x3ce31b]
V  [jvm.dll+0x3cd0dc]
V  [jvm.dll+0x3cd078]
V  [jvm.dll+0x5e4efa]
V  [jvm.dll+0x5e4fb3]
V  [jvm.dll+0x3e2bb2]
V  [jvm.dll+0x3e2650]
C  0x0000023012ac7c51

The last pc belongs to getstatic (printed below).
Java frames: (J=compiled Java code, j=interpreted, Vv=VM code)
j  sun.security.ssl.CipherSuite.<init>(Ljava/lang/String;IIZLjava/lang/String;[Lsun/security/ssl/ProtocolVersion;Lsun/security/ssl/SSLCipher;Lsun/security/ssl/CipherSuite$HashAlg;)V+16 java.base@21.0.3
j  sun.security.ssl.CipherSuite.<clinit>()V+24 java.base@21.0.3
v  ~StubRoutines::call_stub 0x0000023012ab10e7
j  sun.security.ssl.SSLContextImpl.getApplicableSupportedCipherSuites(Ljava/util/List;)Ljava/util/List;+0 java.base@21.0.3
j  sun.security.ssl.SSLContextImpl$AbstractTLSContext.<clinit>()V+84 java.base@21.0.3
v  ~StubRoutines::call_stub 0x0000023012ab10e7
j  java.lang.Class.forName0(Ljava/lang/String;ZLjava/lang/ClassLoader;Ljava/lang/Class;)Ljava/lang/Class;+0 java.base@21.0.3
j  java.lang.Class.forName(Ljava/lang/String;Ljava/lang/Class;)Ljava/lang/Class;+19 java.base@21.0.3
j  java.lang.Class.forName(Ljava/lang/String;)Ljava/lang/Class;+6 java.base@21.0.3
j  java.security.Provider$Service.getImplClass()Ljava/lang/Class;+64 java.base@21.0.3
j  java.security.Provider$Service.getDefaultConstructor()Ljava/lang/reflect/Constructor;+46 java.base@21.0.3
j  java.security.Provider$Service.newInstanceOf()Ljava/lang/Object;+1 java.base@21.0.3
j  java.security.Provider$Service.newInstanceUtil(Ljava/lang/Class;Ljava/lang/Object;)Ljava/lang/Object;+5 java.base@21.0.3
j  java.security.Provider$Service.newInstance(Ljava/lang/Object;)Ljava/lang/Object;+227 java.base@21.0.3
j  sun.security.jca.GetInstance.getInstance(Ljava/security/Provider$Service;Ljava/lang/Class;)Lsun/security/jca/GetInstance$Instance;+2 java.base@21.0.3
j  sun.security.jca.GetInstance.getInstance(Ljava/lang/String;Ljava/lang/Class;Ljava/lang/String;)Lsun/security/jca/GetInstance$Instance;+56 java.base@21.0.3
j  javax.net.ssl.SSLContext.getInstance(Ljava/lang/String;)Ljavax/net/ssl/SSLContext;+12 java.base@21.0.3
j  externalApp.ExternalAppUtil.sendIdeRequest(Ljava/lang/String;ILjava/lang/String;Ljava/lang/String;)LexternalApp/ExternalAppUtil$Result;+34
j  git4idea.http.GitAskPassApp.main([Ljava/lang/String;)V+37
v  ~StubRoutines::call_stub 0x0000023012ab10e7
getstatic  178 getstatic  [0x0000023012ac7ba0, 0x0000023012ac7da0]  512 bytes
[MachCode]
  0x0000023012ac7ba0: 4883 ec08 | c5fa 1104 | 24eb 1f48 | 83ec 10c5 | fb11 0424 | eb14 4883 | ec10 4889 | 0424 48c7 
  0x0000023012ac7bc0: 4424 0800 | 0000 00eb | 0150 410f | b755 0148 | 8b4d d0c1 | e202 8b5c | d138 c1eb | 1081 e3ff 
  0x0000023012ac7be0: 0000 0081 | fbb2 0000 | 000f 84b4 | 0000 00bb | b200 0000 | e805 0000 | 00e9 9900 | 0000 488b 
  0x0000023012ac7c00: d348 8d44 | 2408 4c89 | 6dc0 498b | cfc5 f877 | 4989 afa8 | 0300 0049 | 8987 9803 | 0000 4883 
  0x0000023012ac7c20: ec20 40f6 | c40f 0f84 | 1900 0000 | 4883 ec08 | 48b8 f025 | ab36 f97f | 0000 ffd0 | 4883 c408 
  0x0000023012ac7c40: e90c 0000 | 0048 b8f0 | 25ab 36f9 | 7f00 00ff | d048 83c4 | 2049 c787 | 9803 0000 | 0000 0000 
  0x0000023012ac7c60: 49c7 87a8 | 0300 0000 | 0000 0049 | c787 a003 | 0000 0000 | 0000 c5f8 | 7749 837f | 0800 0f84 
  0x0000023012ac7c80: 0500 0000 | e977 92fe | ff4c 8b6d | c04c 8b75 | c84e 8d74 | f500 c341 | 0fb7 5501 | 488b 4dd0 
  0x0000023012ac7ca0: c1e2 0248 | 8b5c d148 | 8b44 d150 | 4c8b 4cd1 | 404d 8b49 | 704d 8b09 | c1e8 1c83 | e00f 0f85 
  0x0000023012ac7cc0: 0b00 0000 | 410f be04 | 1950 e9b5 | 0000 0083 | f801 0f85 | 0b00 0000 | 410f b604 | 1950 e9a1 
  0x0000023012ac7ce0: 0000 0083 | f808 0f85 | 0e00 0000 | 418b 0419 | 48c1 e003 | 50e9 8a00 | 0000 83f8 | 040f 850a 
  0x0000023012ac7d00: 0000 0041 | 8b04 1950 | e977 0000 | 0083 f802 | 0f85 0b00 | 0000 410f | b704 1950 | e963 0000 
  0x0000023012ac7d20: 0083 f803 | 0f85 0b00 | 0000 410f | bf04 1950 | e94f 0000 | 0083 f805 | 0f85 1a00 | 0000 498b 
  0x0000023012ac7d40: 0419 4883 | ec10 4889 | 0424 48c7 | 4424 0800 | 0000 00e9 | 2c00 0000 | 83f8 060f | 8514 0000 
  0x0000023012ac7d60: 00c4 c17a | 1004 1948 | 83ec 08c5 | fa11 0424 | e90f 0000 | 00c4 c17b | 1004 1948 | 83ec 10c5 
  0x0000023012ac7d80: fb11 0424 | 410f b65d | 0349 83c5 | 0349 ba40 | 5a3a 37f9 | 7f00 0041 | ff24 da0f | 1f44 0000 
[/MachCode]

---------------  P R O C E S S  ---------------

Threads class SMR info:
_java_thread_list=0x0000023022679f30, length=11, elements={
0x00000230050b2c20, 0x0000023022498210, 0x00000230224e7fb0, 0x00000230224e9a20,
0x00000230224ea480, 0x00000230224ebef0, 0x00000230224ec950, 0x00000230224ed6e0,
0x000002302254e4b0, 0x00000230226a1760, 0x00000230226938e0
}

Java Threads: ( => current thread )
=>0x00000230050b2c20 JavaThread "main"                              [_thread_in_vm, id=22740, stack(0x00000036ae300000,0x00000036ae400000) (1024K)]
  0x0000023022498210 JavaThread "Reference Handler"          daemon [_thread_blocked, id=33668, stack(0x00000036aeb00000,0x00000036aec00000) (1024K)]
  0x00000230224e7fb0 JavaThread "Finalizer"                  daemon [_thread_blocked, id=12312, stack(0x00000036aec00000,0x00000036aed00000) (1024K)]
  0x00000230224e9a20 JavaThread "Signal Dispatcher"          daemon [_thread_blocked, id=22912, stack(0x00000036aed00000,0x00000036aee00000) (1024K)]
  0x00000230224ea480 JavaThread "Attach Listener"            daemon [_thread_blocked, id=21912, stack(0x00000036aee00000,0x00000036aef00000) (1024K)]
  0x00000230224ebef0 JavaThread "Service Thread"             daemon [_thread_blocked, id=30572, stack(0x00000036aef00000,0x00000036af000000) (1024K)]
  0x00000230224ec950 JavaThread "Monitor Deflation Thread"   daemon [_thread_blocked, id=5612, stack(0x00000036af000000,0x00000036af100000) (1024K)]
  0x00000230224ed6e0 JavaThread "C2 CompilerThread0"         daemon [_thread_blocked, id=35092, stack(0x00000036af100000,0x00000036af200000) (1024K)]
  0x000002302254e4b0 JavaThread "C1 CompilerThread0"         daemon [_thread_blocked, id=32180, stack(0x00000036af200000,0x00000036af300000) (1024K)]
  0x00000230226a1760 JavaThread "Notification Thread"        daemon [_thread_blocked, id=32248, stack(0x00000036af300000,0x00000036af400000) (1024K)]
  0x00000230226938e0 JavaThread "Common-Cleaner"             daemon [_thread_blocked, id=10144, stack(0x00000036af400000,0x00000036af500000) (1024K)]
Total: 11

Other Threads:
  0x0000023022460fc0 VMThread "VM Thread"                           [id=24584, stack(0x00000036aea00000,0x00000036aeb00000) (1024K)] _threads_hazard_ptr=0x0000023022679f30
  0x00000230222ad660 WatcherThread "VM Periodic Task Thread"        [id=37412, stack(0x00000036ae900000,0x00000036aea00000) (1024K)]
  0x00000230076fda40 WorkerThread "GC Thread#0"                     [id=14328, stack(0x00000036ae400000,0x00000036ae500000) (1024K)]
  0x000002300770e5f0 ConcurrentGCThread "G1 Main Marker"            [id=5668, stack(0x00000036ae500000,0x00000036ae600000) (1024K)]
  0x000002300770f0f0 WorkerThread "G1 Conc#0"                       [id=23348, stack(0x00000036ae600000,0x00000036ae700000) (1024K)]
  0x00000230221809a0 ConcurrentGCThread "G1 Refine#0"               [id=38328, stack(0x00000036ae700000,0x00000036ae800000) (1024K)]
  0x0000023022181510 ConcurrentGCThread "G1 Service"                [id=9016, stack(0x00000036ae800000,0x00000036ae900000) (1024K)]
Total: 7

Threads with active compile tasks:
Total: 0

VM state: synchronizing (normal execution)

VM Mutex/Monitor currently owned by a thread:  ([mutex/lock_event])
[0x00007ff93738f558] Metaspace_lock - owner thread: 0x00000230050b2c20
[0x00007ff937391758] Threads_lock - owner thread: 0x0000023022460fc0

Heap address: 0x0000000704200000, size: 4030 MB, Compressed Oops mode: Zero based, Oop shift amount: 3

CDS archive(s) not mapped
Compressed class space mapped at: 0x0000000800000000-0x0000000840000000, reserved size: 1073741824
Narrow klass base: 0x0000000800000000, Narrow klass shift: 0, Narrow klass range: 0x40000000

GC Precious Log:
 CardTable entry size: 512
 Card Set container configuration: InlinePtr #cards 4 size 8 Array Of Cards #cards 16 size 48 Howl #buckets 8 coarsen threshold 3686 Howl Bitmap #cards 512 size 80 coarsen threshold 460 Card regions per heap region 1 cards per card region 4096
 CPUs: 8 total, 8 available
 Memory: 16112M
 Large Page Support: Disabled
 NUMA Support: Disabled
 Compressed Oops: Enabled (Zero based)
 Heap Region Size: 2M
 Heap Min Capacity: 8M
 Heap Initial Capacity: 252M
 Heap Max Capacity: 4030M
 Pre-touch: Disabled
 Parallel Workers: 8
 Concurrent Workers: 2
 Concurrent Refinement Workers: 8
 Periodic GC: Disabled

Heap:
 garbage-first heap   total 258048K, used 4096K [0x0000000704200000, 0x0000000800000000)
  region size 2048K, 3 young (6144K), 0 survivors (0K)
 Metaspace       used 10139K, committed 10240K, reserved 1114112K
  class space    used 867K, committed 960K, reserved 1048576K

Heap Regions: E=young(eden), S=young(survivor), O=old, HS=humongous(starts), HC=humongous(continues), CS=collection set, F=free, TAMS=top-at-mark-start, PB=parsable bottom
|   0|0x0000000704200000, 0x0000000704200000, 0x0000000704400000|  0%| F|  |TAMS 0x0000000704200000| PB 0x0000000704200000| Untracked 
|   1|0x0000000704400000, 0x0000000704400000, 0x0000000704600000|  0%| F|  |TAMS 0x0000000704400000| PB 0x0000000704400000| Untracked 
|   2|0x0000000704600000, 0x0000000704600000, 0x0000000704800000|  0%| F|  |TAMS 0x0000000704600000| PB 0x0000000704600000| Untracked 
|   3|0x0000000704800000, 0x0000000704800000, 0x0000000704a00000|  0%| F|  |TAMS 0x0000000704800000| PB 0x0000000704800000| Untracked 
|   4|0x0000000704a00000, 0x0000000704a00000, 0x0000000704c00000|  0%| F|  |TAMS 0x0000000704a00000| PB 0x0000000704a00000| Untracked 
|   5|0x0000000704c00000, 0x0000000704c00000, 0x0000000704e00000|  0%| F|  |TAMS 0x0000000704c00000| PB 0x0000000704c00000| Untracked 
|   6|0x0000000704e00000, 0x0000000704e00000, 0x0000000705000000|  0%| F|  |TAMS 0x0000000704e00000| PB 0x0000000704e00000| Untracked 
|   7|0x0000000705000000, 0x0000000705000000, 0x0000000705200000|  0%| F|  |TAMS 0x0000000705000000| PB 0x0000000705000000| Untracked 
|   8|0x0000000705200000, 0x0000000705200000, 0x0000000705400000|  0%| F|  |TAMS 0x0000000705200000| PB 0x0000000705200000| Untracked 
|   9|0x0000000705400000, 0x0000000705400000, 0x0000000705600000|  0%| F|  |TAMS 0x0000000705400000| PB 0x0000000705400000| Untracked 
|  10|0x0000000705600000, 0x0000000705600000, 0x0000000705800000|  0%| F|  |TAMS 0x0000000705600000| PB 0x0000000705600000| Untracked 
|  11|0x0000000705800000, 0x0000000705800000, 0x0000000705a00000|  0%| F|  |TAMS 0x0000000705800000| PB 0x0000000705800000| Untracked 
|  12|0x0000000705a00000, 0x0000000705a00000, 0x0000000705c00000|  0%| F|  |TAMS 0x0000000705a00000| PB 0x0000000705a00000| Untracked 
|  13|0x0000000705c00000, 0x0000000705c00000, 0x0000000705e00000|  0%| F|  |TAMS 0x0000000705c00000| PB 0x0000000705c00000| Untracked 
|  14|0x0000000705e00000, 0x0000000705e00000, 0x0000000706000000|  0%| F|  |TAMS 0x0000000705e00000| PB 0x0000000705e00000| Untracked 
|  15|0x0000000706000000, 0x0000000706000000, 0x0000000706200000|  0%| F|  |TAMS 0x0000000706000000| PB 0x0000000706000000| Untracked 
|  16|0x0000000706200000, 0x0000000706200000, 0x0000000706400000|  0%| F|  |TAMS 0x0000000706200000| PB 0x0000000706200000| Untracked 
|  17|0x0000000706400000, 0x0000000706400000, 0x0000000706600000|  0%| F|  |TAMS 0x0000000706400000| PB 0x0000000706400000| Untracked 
|  18|0x0000000706600000, 0x0000000706600000, 0x0000000706800000|  0%| F|  |TAMS 0x0000000706600000| PB 0x0000000706600000| Untracked 
|  19|0x0000000706800000, 0x0000000706800000, 0x0000000706a00000|  0%| F|  |TAMS 0x0000000706800000| PB 0x0000000706800000| Untracked 
|  20|0x0000000706a00000, 0x0000000706a00000, 0x0000000706c00000|  0%| F|  |TAMS 0x0000000706a00000| PB 0x0000000706a00000| Untracked 
|  21|0x0000000706c00000, 0x0000000706c00000, 0x0000000706e00000|  0%| F|  |TAMS 0x0000000706c00000| PB 0x0000000706c00000| Untracked 
|  22|0x0000000706e00000, 0x0000000706e00000, 0x0000000707000000|  0%| F|  |TAMS 0x0000000706e00000| PB 0x0000000706e00000| Untracked 
|  23|0x0000000707000000, 0x0000000707000000, 0x0000000707200000|  0%| F|  |TAMS 0x0000000707000000| PB 0x0000000707000000| Untracked 
|  24|0x0000000707200000, 0x0000000707200000, 0x0000000707400000|  0%| F|  |TAMS 0x0000000707200000| PB 0x0000000707200000| Untracked 
|  25|0x0000000707400000, 0x0000000707400000, 0x0000000707600000|  0%| F|  |TAMS 0x0000000707400000| PB 0x0000000707400000| Untracked 
|  26|0x0000000707600000, 0x0000000707600000, 0x0000000707800000|  0%| F|  |TAMS 0x0000000707600000| PB 0x0000000707600000| Untracked 
|  27|0x0000000707800000, 0x0000000707800000, 0x0000000707a00000|  0%| F|  |TAMS 0x0000000707800000| PB 0x0000000707800000| Untracked 
|  28|0x0000000707a00000, 0x0000000707a00000, 0x0000000707c00000|  0%| F|  |TAMS 0x0000000707a00000| PB 0x0000000707a00000| Untracked 
|  29|0x0000000707c00000, 0x0000000707c00000, 0x0000000707e00000|  0%| F|  |TAMS 0x0000000707c00000| PB 0x0000000707c00000| Untracked 
|  30|0x0000000707e00000, 0x0000000707e00000, 0x0000000708000000|  0%| F|  |TAMS 0x0000000707e00000| PB 0x0000000707e00000| Untracked 
|  31|0x0000000708000000, 0x0000000708000000, 0x0000000708200000|  0%| F|  |TAMS 0x0000000708000000| PB 0x0000000708000000| Untracked 
|  32|0x0000000708200000, 0x0000000708200000, 0x0000000708400000|  0%| F|  |TAMS 0x0000000708200000| PB 0x0000000708200000| Untracked 
|  33|0x0000000708400000, 0x0000000708400000, 0x0000000708600000|  0%| F|  |TAMS 0x0000000708400000| PB 0x0000000708400000| Untracked 
|  34|0x0000000708600000, 0x0000000708600000, 0x0000000708800000|  0%| F|  |TAMS 0x0000000708600000| PB 0x0000000708600000| Untracked 
|  35|0x0000000708800000, 0x0000000708800000, 0x0000000708a00000|  0%| F|  |TAMS 0x0000000708800000| PB 0x0000000708800000| Untracked 
|  36|0x0000000708a00000, 0x0000000708a00000, 0x0000000708c00000|  0%| F|  |TAMS 0x0000000708a00000| PB 0x0000000708a00000| Untracked 
|  37|0x0000000708c00000, 0x0000000708c00000, 0x0000000708e00000|  0%| F|  |TAMS 0x0000000708c00000| PB 0x0000000708c00000| Untracked 
|  38|0x0000000708e00000, 0x0000000708e00000, 0x0000000709000000|  0%| F|  |TAMS 0x0000000708e00000| PB 0x0000000708e00000| Untracked 
|  39|0x0000000709000000, 0x0000000709000000, 0x0000000709200000|  0%| F|  |TAMS 0x0000000709000000| PB 0x0000000709000000| Untracked 
|  40|0x0000000709200000, 0x0000000709200000, 0x0000000709400000|  0%| F|  |TAMS 0x0000000709200000| PB 0x0000000709200000| Untracked 
|  41|0x0000000709400000, 0x0000000709400000, 0x0000000709600000|  0%| F|  |TAMS 0x0000000709400000| PB 0x0000000709400000| Untracked 
|  42|0x0000000709600000, 0x0000000709600000, 0x0000000709800000|  0%| F|  |TAMS 0x0000000709600000| PB 0x0000000709600000| Untracked 
|  43|0x0000000709800000, 0x0000000709800000, 0x0000000709a00000|  0%| F|  |TAMS 0x0000000709800000| PB 0x0000000709800000| Untracked 
|  44|0x0000000709a00000, 0x0000000709a00000, 0x0000000709c00000|  0%| F|  |TAMS 0x0000000709a00000| PB 0x0000000709a00000| Untracked 
|  45|0x0000000709c00000, 0x0000000709c00000, 0x0000000709e00000|  0%| F|  |TAMS 0x0000000709c00000| PB 0x0000000709c00000| Untracked 
|  46|0x0000000709e00000, 0x0000000709e00000, 0x000000070a000000|  0%| F|  |TAMS 0x0000000709e00000| PB 0x0000000709e00000| Untracked 
|  47|0x000000070a000000, 0x000000070a000000, 0x000000070a200000|  0%| F|  |TAMS 0x000000070a000000| PB 0x000000070a000000| Untracked 
|  48|0x000000070a200000, 0x000000070a200000, 0x000000070a400000|  0%| F|  |TAMS 0x000000070a200000| PB 0x000000070a200000| Untracked 
|  49|0x000000070a400000, 0x000000070a400000, 0x000000070a600000|  0%| F|  |TAMS 0x000000070a400000| PB 0x000000070a400000| Untracked 
|  50|0x000000070a600000, 0x000000070a600000, 0x000000070a800000|  0%| F|  |TAMS 0x000000070a600000| PB 0x000000070a600000| Untracked 
|  51|0x000000070a800000, 0x000000070a800000, 0x000000070aa00000|  0%| F|  |TAMS 0x000000070a800000| PB 0x000000070a800000| Untracked 
|  52|0x000000070aa00000, 0x000000070aa00000, 0x000000070ac00000|  0%| F|  |TAMS 0x000000070aa00000| PB 0x000000070aa00000| Untracked 
|  53|0x000000070ac00000, 0x000000070ac00000, 0x000000070ae00000|  0%| F|  |TAMS 0x000000070ac00000| PB 0x000000070ac00000| Untracked 
|  54|0x000000070ae00000, 0x000000070ae00000, 0x000000070b000000|  0%| F|  |TAMS 0x000000070ae00000| PB 0x000000070ae00000| Untracked 
|  55|0x000000070b000000, 0x000000070b000000, 0x000000070b200000|  0%| F|  |TAMS 0x000000070b000000| PB 0x000000070b000000| Untracked 
|  56|0x000000070b200000, 0x000000070b200000, 0x000000070b400000|  0%| F|  |TAMS 0x000000070b200000| PB 0x000000070b200000| Untracked 
|  57|0x000000070b400000, 0x000000070b400000, 0x000000070b600000|  0%| F|  |TAMS 0x000000070b400000| PB 0x000000070b400000| Untracked 
|  58|0x000000070b600000, 0x000000070b600000, 0x000000070b800000|  0%| F|  |TAMS 0x000000070b600000| PB 0x000000070b600000| Untracked 
|  59|0x000000070b800000, 0x000000070b800000, 0x000000070ba00000|  0%| F|  |TAMS 0x000000070b800000| PB 0x000000070b800000| Untracked 
|  60|0x000000070ba00000, 0x000000070ba00000, 0x000000070bc00000|  0%| F|  |TAMS 0x000000070ba00000| PB 0x000000070ba00000| Untracked 
|  61|0x000000070bc00000, 0x000000070bc00000, 0x000000070be00000|  0%| F|  |TAMS 0x000000070bc00000| PB 0x000000070bc00000| Untracked 
|  62|0x000000070be00000, 0x000000070be00000, 0x000000070c000000|  0%| F|  |TAMS 0x000000070be00000| PB 0x000000070be00000| Untracked 
|  63|0x000000070c000000, 0x000000070c000000, 0x000000070c200000|  0%| F|  |TAMS 0x000000070c000000| PB 0x000000070c000000| Untracked 
|  64|0x000000070c200000, 0x000000070c200000, 0x000000070c400000|  0%| F|  |TAMS 0x000000070c200000| PB 0x000000070c200000| Untracked 
|  65|0x000000070c400000, 0x000000070c400000, 0x000000070c600000|  0%| F|  |TAMS 0x000000070c400000| PB 0x000000070c400000| Untracked 
|  66|0x000000070c600000, 0x000000070c600000, 0x000000070c800000|  0%| F|  |TAMS 0x000000070c600000| PB 0x000000070c600000| Untracked 
|  67|0x000000070c800000, 0x000000070c800000, 0x000000070ca00000|  0%| F|  |TAMS 0x000000070c800000| PB 0x000000070c800000| Untracked 
|  68|0x000000070ca00000, 0x000000070ca00000, 0x000000070cc00000|  0%| F|  |TAMS 0x000000070ca00000| PB 0x000000070ca00000| Untracked 
|  69|0x000000070cc00000, 0x000000070cc00000, 0x000000070ce00000|  0%| F|  |TAMS 0x000000070cc00000| PB 0x000000070cc00000| Untracked 
|  70|0x000000070ce00000, 0x000000070ce00000, 0x000000070d000000|  0%| F|  |TAMS 0x000000070ce00000| PB 0x000000070ce00000| Untracked 
|  71|0x000000070d000000, 0x000000070d000000, 0x000000070d200000|  0%| F|  |TAMS 0x000000070d000000| PB 0x000000070d000000| Untracked 
|  72|0x000000070d200000, 0x000000070d200000, 0x000000070d400000|  0%| F|  |TAMS 0x000000070d200000| PB 0x000000070d200000| Untracked 
|  73|0x000000070d400000, 0x000000070d400000, 0x000000070d600000|  0%| F|  |TAMS 0x000000070d400000| PB 0x000000070d400000| Untracked 
|  74|0x000000070d600000, 0x000000070d600000, 0x000000070d800000|  0%| F|  |TAMS 0x000000070d600000| PB 0x000000070d600000| Untracked 
|  75|0x000000070d800000, 0x000000070d800000, 0x000000070da00000|  0%| F|  |TAMS 0x000000070d800000| PB 0x000000070d800000| Untracked 
|  76|0x000000070da00000, 0x000000070da00000, 0x000000070dc00000|  0%| F|  |TAMS 0x000000070da00000| PB 0x000000070da00000| Untracked 
|  77|0x000000070dc00000, 0x000000070dc00000, 0x000000070de00000|  0%| F|  |TAMS 0x000000070dc00000| PB 0x000000070dc00000| Untracked 
|  78|0x000000070de00000, 0x000000070de00000, 0x000000070e000000|  0%| F|  |TAMS 0x000000070de00000| PB 0x000000070de00000| Untracked 
|  79|0x000000070e000000, 0x000000070e000000, 0x000000070e200000|  0%| F|  |TAMS 0x000000070e000000| PB 0x000000070e000000| Untracked 
|  80|0x000000070e200000, 0x000000070e200000, 0x000000070e400000|  0%| F|  |TAMS 0x000000070e200000| PB 0x000000070e200000| Untracked 
|  81|0x000000070e400000, 0x000000070e400000, 0x000000070e600000|  0%| F|  |TAMS 0x000000070e400000| PB 0x000000070e400000| Untracked 
|  82|0x000000070e600000, 0x000000070e600000, 0x000000070e800000|  0%| F|  |TAMS 0x000000070e600000| PB 0x000000070e600000| Untracked 
|  83|0x000000070e800000, 0x000000070e800000, 0x000000070ea00000|  0%| F|  |TAMS 0x000000070e800000| PB 0x000000070e800000| Untracked 
|  84|0x000000070ea00000, 0x000000070ea00000, 0x000000070ec00000|  0%| F|  |TAMS 0x000000070ea00000| PB 0x000000070ea00000| Untracked 
|  85|0x000000070ec00000, 0x000000070ec00000, 0x000000070ee00000|  0%| F|  |TAMS 0x000000070ec00000| PB 0x000000070ec00000| Untracked 
|  86|0x000000070ee00000, 0x000000070ee00000, 0x000000070f000000|  0%| F|  |TAMS 0x000000070ee00000| PB 0x000000070ee00000| Untracked 
|  87|0x000000070f000000, 0x000000070f000000, 0x000000070f200000|  0%| F|  |TAMS 0x000000070f000000| PB 0x000000070f000000| Untracked 
|  88|0x000000070f200000, 0x000000070f200000, 0x000000070f400000|  0%| F|  |TAMS 0x000000070f200000| PB 0x000000070f200000| Untracked 
|  89|0x000000070f400000, 0x000000070f400000, 0x000000070f600000|  0%| F|  |TAMS 0x000000070f400000| PB 0x000000070f400000| Untracked 
|  90|0x000000070f600000, 0x000000070f600000, 0x000000070f800000|  0%| F|  |TAMS 0x000000070f600000| PB 0x000000070f600000| Untracked 
|  91|0x000000070f800000, 0x000000070f800000, 0x000000070fa00000|  0%| F|  |TAMS 0x000000070f800000| PB 0x000000070f800000| Untracked 
|  92|0x000000070fa00000, 0x000000070fa00000, 0x000000070fc00000|  0%| F|  |TAMS 0x000000070fa00000| PB 0x000000070fa00000| Untracked 
|  93|0x000000070fc00000, 0x000000070fc00000, 0x000000070fe00000|  0%| F|  |TAMS 0x000000070fc00000| PB 0x000000070fc00000| Untracked 
|  94|0x000000070fe00000, 0x000000070fe00000, 0x0000000710000000|  0%| F|  |TAMS 0x000000070fe00000| PB 0x000000070fe00000| Untracked 
|  95|0x0000000710000000, 0x0000000710000000, 0x0000000710200000|  0%| F|  |TAMS 0x0000000710000000| PB 0x0000000710000000| Untracked 
|  96|0x0000000710200000, 0x0000000710200000, 0x0000000710400000|  0%| F|  |TAMS 0x0000000710200000| PB 0x0000000710200000| Untracked 
|  97|0x0000000710400000, 0x0000000710400000, 0x0000000710600000|  0%| F|  |TAMS 0x0000000710400000| PB 0x0000000710400000| Untracked 
|  98|0x0000000710600000, 0x0000000710600000, 0x0000000710800000|  0%| F|  |TAMS 0x0000000710600000| PB 0x0000000710600000| Untracked 
|  99|0x0000000710800000, 0x0000000710800000, 0x0000000710a00000|  0%| F|  |TAMS 0x0000000710800000| PB 0x0000000710800000| Untracked 
| 100|0x0000000710a00000, 0x0000000710a00000, 0x0000000710c00000|  0%| F|  |TAMS 0x0000000710a00000| PB 0x0000000710a00000| Untracked 
| 101|0x0000000710c00000, 0x0000000710c00000, 0x0000000710e00000|  0%| F|  |TAMS 0x0000000710c00000| PB 0x0000000710c00000| Untracked 
| 102|0x0000000710e00000, 0x0000000710e00000, 0x0000000711000000|  0%| F|  |TAMS 0x0000000710e00000| PB 0x0000000710e00000| Untracked 
| 103|0x0000000711000000, 0x0000000711000000, 0x0000000711200000|  0%| F|  |TAMS 0x0000000711000000| PB 0x0000000711000000| Untracked 
| 104|0x0000000711200000, 0x0000000711200000, 0x0000000711400000|  0%| F|  |TAMS 0x0000000711200000| PB 0x0000000711200000| Untracked 
| 105|0x0000000711400000, 0x0000000711400000, 0x0000000711600000|  0%| F|  |TAMS 0x0000000711400000| PB 0x0000000711400000| Untracked 
| 106|0x0000000711600000, 0x0000000711600000, 0x0000000711800000|  0%| F|  |TAMS 0x0000000711600000| PB 0x0000000711600000| Untracked 
| 107|0x0000000711800000, 0x0000000711800000, 0x0000000711a00000|  0%| F|  |TAMS 0x0000000711800000| PB 0x0000000711800000| Untracked 
| 108|0x0000000711a00000, 0x0000000711a00000, 0x0000000711c00000|  0%| F|  |TAMS 0x0000000711a00000| PB 0x0000000711a00000| Untracked 
| 109|0x0000000711c00000, 0x0000000711c00000, 0x0000000711e00000|  0%| F|  |TAMS 0x0000000711c00000| PB 0x0000000711c00000| Untracked 
| 110|0x0000000711e00000, 0x0000000711e00000, 0x0000000712000000|  0%| F|  |TAMS 0x0000000711e00000| PB 0x0000000711e00000| Untracked 
| 111|0x0000000712000000, 0x0000000712000000, 0x0000000712200000|  0%| F|  |TAMS 0x0000000712000000| PB 0x0000000712000000| Untracked 
| 112|0x0000000712200000, 0x0000000712200000, 0x0000000712400000|  0%| F|  |TAMS 0x0000000712200000| PB 0x0000000712200000| Untracked 
| 113|0x0000000712400000, 0x0000000712400000, 0x0000000712600000|  0%| F|  |TAMS 0x0000000712400000| PB 0x0000000712400000| Untracked 
| 114|0x0000000712600000, 0x0000000712600000, 0x0000000712800000|  0%| F|  |TAMS 0x0000000712600000| PB 0x0000000712600000| Untracked 
| 115|0x0000000712800000, 0x0000000712800000, 0x0000000712a00000|  0%| F|  |TAMS 0x0000000712800000| PB 0x0000000712800000| Untracked 
| 116|0x0000000712a00000, 0x0000000712a00000, 0x0000000712c00000|  0%| F|  |TAMS 0x0000000712a00000| PB 0x0000000712a00000| Untracked 
| 117|0x0000000712c00000, 0x0000000712c00000, 0x0000000712e00000|  0%| F|  |TAMS 0x0000000712c00000| PB 0x0000000712c00000| Untracked 
| 118|0x0000000712e00000, 0x0000000712e00000, 0x0000000713000000|  0%| F|  |TAMS 0x0000000712e00000| PB 0x0000000712e00000| Untracked 
| 119|0x0000000713000000, 0x0000000713000000, 0x0000000713200000|  0%| F|  |TAMS 0x0000000713000000| PB 0x0000000713000000| Untracked 
| 120|0x0000000713200000, 0x0000000713200000, 0x0000000713400000|  0%| F|  |TAMS 0x0000000713200000| PB 0x0000000713200000| Untracked 
| 121|0x0000000713400000, 0x0000000713400000, 0x0000000713600000|  0%| F|  |TAMS 0x0000000713400000| PB 0x0000000713400000| Untracked 
| 122|0x0000000713600000, 0x0000000713600000, 0x0000000713800000|  0%| F|  |TAMS 0x0000000713600000| PB 0x0000000713600000| Untracked 
| 123|0x0000000713800000, 0x00000007138e5d18, 0x0000000713a00000| 44%| E|  |TAMS 0x0000000713800000| PB 0x0000000713800000| Complete 
| 124|0x0000000713a00000, 0x0000000713c00000, 0x0000000713c00000|100%| E|CS|TAMS 0x0000000713a00000| PB 0x0000000713a00000| Complete 
| 125|0x0000000713c00000, 0x0000000713e00000, 0x0000000713e00000|100%| E|CS|TAMS 0x0000000713c00000| PB 0x0000000713c00000| Complete 

Card table byte_map: [0x000002301b1a0000,0x000002301b980000] _byte_map_base: 0x000002301797f000

Marking Bits: (CMBitMap*) 0x00000230076fe140
 Bits: [0x000002301b980000, 0x000002301f878000)

Polling page: 0x00000230055a0000

Metaspace:

Usage:
  Non-class:      9.05 MB used.
      Class:    867.92 KB used.
       Both:      9.90 MB used.

Virtual space:
  Non-class space:       64.00 MB reserved,       9.06 MB ( 14%) committed,  1 nodes.
      Class space:        1.00 GB reserved,     960.00 KB ( <1%) committed,  1 nodes.
             Both:        1.06 GB reserved,      10.00 MB ( <1%) committed. 

Chunk freelists:
   Non-Class:  6.00 MB
       Class:  15.10 MB
        Both:  21.10 MB

MaxMetaspaceSize: unlimited
CompressedClassSpaceSize: 1.00 GB
Initial GC threshold: 21.00 MB
Current GC threshold: 21.00 MB
CDS: off
 - commit_granule_bytes: 65536.
 - commit_granule_words: 8192.
 - virtual_space_node_default_size: 8388608.
 - enlarge_chunks_in_place: 1.
 - use_allocation_guard: 0.


Internal statistics:

num_allocs_failed_limit: 0.
num_arena_births: 10.
num_arena_deaths: 0.
num_vsnodes_births: 2.
num_vsnodes_deaths: 0.
num_space_committed: 160.
num_space_uncommitted: 0.
num_chunks_returned_to_freelist: 0.
num_chunks_taken_from_freelist: 43.
num_chunk_merges: 0.
num_chunk_splits: 19.
num_chunks_enlarged: 11.
num_inconsistent_stats: 0.

CodeHeap 'non-profiled nmethods': size=120000Kb used=99Kb max_used=99Kb free=119900Kb
 bounds [0x0000023013050000, 0x00000230132c0000, 0x000002301a580000]
CodeHeap 'profiled nmethods': size=120000Kb used=446Kb max_used=446Kb free=119553Kb
 bounds [0x000002300b580000, 0x000002300b7f0000, 0x0000023012ab0000]
CodeHeap 'non-nmethods': size=5760Kb used=1466Kb max_used=1482Kb free=4293Kb
 bounds [0x0000023012ab0000, 0x0000023012d20000, 0x0000023013050000]
 total_blobs=765 nmethods=319 adapters=351
 compilation: enabled
              stopped_count=0, restarted_count=0
 full_count=0

Compilation events (20 events):
Event: 2.710 Thread 0x000002302254e4b0  310       3       java.lang.Character::isSurrogate (18 bytes)
Event: 2.710 Thread 0x000002302254e4b0 nmethod 310 0x000002300b5eca10 code [0x000002300b5ecba0, 0x000002300b5ecd20]
Event: 2.710 Thread 0x000002302254e4b0  311       3       java.lang.String::codePointAt (50 bytes)
Event: 2.711 Thread 0x000002302254e4b0 nmethod 311 0x000002300b5ecd90 code [0x000002300b5ecf80, 0x000002300b5ed3e8]
Event: 2.711 Thread 0x000002302254e4b0  312       1       java.lang.Class::getModule (5 bytes)
Event: 2.711 Thread 0x000002302254e4b0 nmethod 312 0x0000023013067a10 code [0x0000023013067ba0, 0x0000023013067c70]
Event: 2.713 Thread 0x000002302254e4b0  313       3       java.lang.String::toString (2 bytes)
Event: 2.714 Thread 0x000002302254e4b0 nmethod 313 0x000002300b5ed610 code [0x000002300b5ed7a0, 0x000002300b5ed8b0]
Event: 2.714 Thread 0x000002302254e4b0  314       3       java.lang.invoke.MethodType::methodType (69 bytes)
Event: 2.714 Thread 0x000002302254e4b0 nmethod 314 0x000002300b5ed910 code [0x000002300b5edb20, 0x000002300b5edff8]
Event: 2.714 Thread 0x000002302254e4b0  315       3       java.lang.invoke.MemberName::allFlagsSet (16 bytes)
Event: 2.715 Thread 0x000002302254e4b0 nmethod 315 0x000002300b5ee190 code [0x000002300b5ee320, 0x000002300b5ee488]
Event: 2.716 Thread 0x000002302254e4b0  316       3       java.lang.Character::charCount (12 bytes)
Event: 2.716 Thread 0x000002302254e4b0 nmethod 316 0x000002300b5ee510 code [0x000002300b5ee6c0, 0x000002300b5ee828]
Event: 2.716 Thread 0x000002302254e4b0  319       3       java.util.regex.Pattern::next (33 bytes)
Event: 2.716 Thread 0x000002302254e4b0 nmethod 319 0x000002300b5ee890 code [0x000002300b5eea40, 0x000002300b5eeca8]
Event: 2.716 Thread 0x000002302254e4b0  317       3       java.util.regex.Pattern::peek (26 bytes)
Event: 2.716 Thread 0x000002302254e4b0 nmethod 317 0x000002300b5eee10 code [0x000002300b5eefc0, 0x000002300b5ef228]
Event: 2.716 Thread 0x000002302254e4b0  318       3       java.util.regex.Pattern::append (43 bytes)
Event: 2.717 Thread 0x000002302254e4b0 nmethod 318 0x000002300b5ef390 code [0x000002300b5ef580, 0x000002300b5ef988]

GC Heap History (0 events):
No events

Dll operation events (2 events):
Event: 0.440 Loaded shared library C:\Users\herhel001\AppData\Local\Programs\IntelliJ IDEA Ultimate\jbr\bin\java.dll
Event: 0.552 Loaded shared library C:\Users\herhel001\AppData\Local\Programs\IntelliJ IDEA Ultimate\jbr\bin\zip.dll

Deoptimization events (0 events):
No events

Classes loaded (20 events):
Event: 2.720 Loading class sun/security/ssl/SSLCipher$T13CC20P1305ReadCipherGenerator
Event: 2.720 Loading class sun/security/ssl/SSLCipher$T13CC20P1305ReadCipherGenerator done
Event: 2.720 Loading class sun/security/ssl/SSLCipher$T12CC20P1305WriteCipherGenerator
Event: 2.720 Loading class sun/security/ssl/SSLCipher$T12CC20P1305WriteCipherGenerator done
Event: 2.720 Loading class sun/security/ssl/SSLCipher$T13CC20P1305WriteCipherGenerator
Event: 2.720 Loading class sun/security/ssl/SSLCipher$T13CC20P1305WriteCipherGenerator done
Event: 2.720 Loading class com/sun/crypto/provider/ChaCha20Cipher$ChaCha20Poly1305
Event: 2.721 Loading class com/sun/crypto/provider/ChaCha20Cipher
Event: 2.721 Loading class com/sun/crypto/provider/ChaCha20Cipher done
Event: 2.721 Loading class com/sun/crypto/provider/ChaCha20Cipher$ChaCha20Poly1305 done
Event: 2.721 Loading class java/lang/invoke/VarHandleByteArrayAsInts$ArrayHandle
Event: 2.721 Loading class java/lang/invoke/VarHandleByteArrayAsInts$ByteArrayViewVarHandle
Event: 2.722 Loading class java/lang/invoke/VarHandleByteArrayAsInts$ByteArrayViewVarHandle done
Event: 2.722 Loading class java/lang/invoke/VarHandleByteArrayAsInts$ArrayHandle done
Event: 2.722 Loading class sun/security/ssl/SSLCipher$1
Event: 2.722 Loading class sun/security/ssl/SSLCipher$1 done
Event: 2.722 Loading class sun/security/ssl/CipherSuite$HashAlg
Event: 2.723 Loading class sun/security/ssl/CipherSuite$HashAlg done
Event: 2.723 Loading class sun/security/ssl/CipherSuite$MacAlg
Event: 2.723 Loading class sun/security/ssl/CipherSuite$MacAlg done

Classes unloaded (0 events):
No events

Classes redefined (3 events):
Event: 1.509 Thread 0x0000023022460fc0 redefined class name=java.io.FileOutputStream, count=1
Event: 1.511 Thread 0x0000023022460fc0 redefined class name=java.io.File, count=1
Event: 1.512 Thread 0x0000023022460fc0 redefined class name=java.net.URLStreamHandler, count=1

Internal exceptions (1 events):
Event: 2.658 Thread 0x00000230050b2c20 Exception <a 'sun/nio/fs/WindowsException'{0x000000071385e1c0}> (0x000000071385e1c0) 
thrown [s\src\hotspot\share\prims\jni.cpp, line 535]

ZGC Phase Switch (0 events):
No events

VM Operations (10 events):
Event: 1.508 Executing VM operation: RedefineClasses
Event: 1.509 Executing VM operation: RedefineClasses done
Event: 1.511 Executing VM operation: RedefineClasses
Event: 1.511 Executing VM operation: RedefineClasses done
Event: 1.512 Executing VM operation: RedefineClasses
Event: 1.513 Executing VM operation: RedefineClasses done
Event: 2.073 Executing VM operation: HandshakeAllThreads (Deoptimize)
Event: 2.073 Executing VM operation: HandshakeAllThreads (Deoptimize) done
Event: 2.204 Executing VM operation: HandshakeAllThreads (Deoptimize)
Event: 2.204 Executing VM operation: HandshakeAllThreads (Deoptimize) done

Events (16 events):
Event: 0.451 Thread 0x00000230050b2c20 Thread added: 0x00000230050b2c20
Event: 1.152 Thread 0x0000023022498210 Thread added: 0x0000023022498210
Event: 1.153 Thread 0x00000230224e7fb0 Thread added: 0x00000230224e7fb0
Event: 1.158 Thread 0x00000230224e9a20 Thread added: 0x00000230224e9a20
Event: 1.158 Thread 0x00000230224ea480 Thread added: 0x00000230224ea480
Event: 1.160 Thread 0x00000230224ebef0 Thread added: 0x00000230224ebef0
Event: 1.160 Thread 0x00000230224ec950 Thread added: 0x00000230224ec950
Event: 1.161 Thread 0x00000230224ed6e0 Thread added: 0x00000230224ed6e0
Event: 1.357 Thread 0x000002302254e4b0 Thread added: 0x000002302254e4b0
Event: 1.513 Thread 0x00000230226a1760 Thread added: 0x00000230226a1760
Event: 1.767 Thread 0x00000230226938e0 Thread added: 0x00000230226938e0
Event: 1.855 Loaded shared library C:\Users\herhel001\AppData\Local\Programs\IntelliJ IDEA Ultimate\jbr\bin\net.dll
Event: 2.010 Loaded shared library C:\Users\herhel001\AppData\Local\Programs\IntelliJ IDEA Ultimate\jbr\bin\nio.dll
Event: 2.059 Loaded shared library C:\Users\herhel001\AppData\Local\Programs\IntelliJ IDEA Ultimate\jbr\bin\zip.dll
Event: 2.398 Loaded shared library C:\Users\herhel001\AppData\Local\Programs\IntelliJ IDEA Ultimate\jbr\bin\jimage.dll
Event: 2.468 Loaded shared library C:\Users\herhel001\AppData\Local\Programs\IntelliJ IDEA Ultimate\jbr\bin\sunmscapi.dll


Dynamic libraries:
0x00007ff6ca450000 - 0x00007ff6ca45a000 	C:\Users\herhel001\AppData\Local\Programs\IntelliJ IDEA Ultimate\jbr\bin\java.exe
0x00007ff9a8510000 - 0x00007ff9a8727000 	C:\WINDOWS\SYSTEM32\ntdll.dll
0x00007ff9a8250000 - 0x00007ff9a8314000 	C:\WINDOWS\System32\KERNEL32.DLL
0x00007ff9a7e90000 - 0x00007ff9a824a000 	C:\WINDOWS\System32\KERNELBASE.dll
0x0000000072c60000 - 0x0000000072c9c000 	C:\WINDOWS\System32\cyinjct.dll
0x00007ff9a7d20000 - 0x00007ff9a7d29000 	C:\WINDOWS\System32\ntnativeapi.dll
0x00007ff9871f0000 - 0x00007ff987208000 	C:\Users\herhel001\AppData\Local\Programs\IntelliJ IDEA Ultimate\jbr\bin\jli.dll
0x0000023005170000 - 0x000002300531e000 	C:\WINDOWS\System32\USER32.dll
0x00007ff9a5850000 - 0x00007ff9a5876000 	C:\WINDOWS\System32\win32u.dll
0x00007ff9a72c0000 - 0x00007ff9a72e9000 	C:\WINDOWS\System32\GDI32.dll
0x00007ff9a59e0000 - 0x00007ff9a5afb000 	C:\WINDOWS\System32\gdi32full.dll
0x00007ff9a5880000 - 0x00007ff9a591a000 	C:\WINDOWS\System32\msvcp_win.dll
0x0000023005320000 - 0x0000023005431000 	C:\WINDOWS\System32\ucrtbase.dll
0x00007ff9a1ed0000 - 0x00007ff9a1eeb000 	C:\Users\herhel001\AppData\Local\Programs\IntelliJ IDEA Ultimate\jbr\bin\VCRUNTIME140.dll
0x00007ff96ae00000 - 0x00007ff96b092000 	C:\WINDOWS\WinSxS\amd64_microsoft.windows.common-controls_6595b64144ccf1df_6.0.22621.4541_none_2710d1c57384c085\COMCTL32.dll
0x00007ff9a79e0000 - 0x00007ff9a7a87000 	C:\WINDOWS\System32\msvcrt.dll
0x00007ff9a7d00000 - 0x00007ff9a7d1e000 	C:\WINDOWS\System32\cyvera.dll
0x00007ff9a7c80000 - 0x00007ff9a7cf6000 	C:\WINDOWS\System32\cyvrtrap.dll
0x00007ff9a75a0000 - 0x00007ff9a75d1000 	C:\WINDOWS\System32\IMM32.DLL
0x00007ff9a1fa0000 - 0x00007ff9a1fac000 	C:\Users\herhel001\AppData\Local\Programs\IntelliJ IDEA Ultimate\jbr\bin\vcruntime140_1.dll
0x00007ff959200000 - 0x00007ff95928d000 	C:\Users\herhel001\AppData\Local\Programs\IntelliJ IDEA Ultimate\jbr\bin\msvcp140.dll
0x00007ff9366d0000 - 0x00007ff937482000 	C:\Users\herhel001\AppData\Local\Programs\IntelliJ IDEA Ultimate\jbr\bin\server\jvm.dll
0x00007ff9a62e0000 - 0x00007ff9a6392000 	C:\WINDOWS\System32\ADVAPI32.dll
0x00007ff9a7ab0000 - 0x00007ff9a7b57000 	C:\WINDOWS\System32\sechost.dll
0x00007ff9a5b80000 - 0x00007ff9a5ba8000 	C:\WINDOWS\System32\bcrypt.dll
0x00007ff9a7d70000 - 0x00007ff9a7e84000 	C:\WINDOWS\System32\RPCRT4.dll
0x00007ff9a6540000 - 0x00007ff9a65b1000 	C:\WINDOWS\System32\WS2_32.dll
0x00007ff9a4410000 - 0x00007ff9a445d000 	C:\WINDOWS\SYSTEM32\POWRPROF.dll
0x00007ff99d180000 - 0x00007ff99d1b4000 	C:\WINDOWS\SYSTEM32\WINMM.dll
0x00007ff99be60000 - 0x00007ff99be6a000 	C:\WINDOWS\SYSTEM32\VERSION.dll
0x00007ff9a43f0000 - 0x00007ff9a4403000 	C:\WINDOWS\SYSTEM32\UMPDC.dll
0x00007ff9a46b0000 - 0x00007ff9a46c8000 	C:\WINDOWS\SYSTEM32\kernel.appcore.dll
0x00007ff9a1eb0000 - 0x00007ff9a1eba000 	C:\Users\herhel001\AppData\Local\Programs\IntelliJ IDEA Ultimate\jbr\bin\jimage.dll
0x00007ff9a25a0000 - 0x00007ff9a27d2000 	C:\WINDOWS\SYSTEM32\DBGHELP.DLL
0x00007ff9a75e0000 - 0x00007ff9a796f000 	C:\WINDOWS\System32\combase.dll
0x00007ff9a7b60000 - 0x00007ff9a7c37000 	C:\WINDOWS\System32\OLEAUT32.dll
0x00007ff998d80000 - 0x00007ff998db2000 	C:\WINDOWS\SYSTEM32\dbgcore.DLL
0x00007ff9a57d0000 - 0x00007ff9a584b000 	C:\WINDOWS\System32\bcryptPrimitives.dll
0x00007ff9a7c40000 - 0x00007ff9a7c77000 	C:\Program Files\Palo Alto Networks\Traps\cyjagent.dll
0x00007ff9a1a50000 - 0x00007ff9a1a6f000 	C:\Users\herhel001\AppData\Local\Programs\IntelliJ IDEA Ultimate\jbr\bin\java.dll
0x00007ff9a19e0000 - 0x00007ff9a19f8000 	C:\Users\herhel001\AppData\Local\Programs\IntelliJ IDEA Ultimate\jbr\bin\zip.dll
0x00007ff9a6880000 - 0x00007ff9a70f8000 	C:\WINDOWS\System32\SHELL32.dll
0x00007ff9a32e0000 - 0x00007ff9a3be8000 	C:\WINDOWS\SYSTEM32\windows.storage.dll
0x00007ff9a31a0000 - 0x00007ff9a32df000 	C:\WINDOWS\SYSTEM32\wintypes.dll
0x00007ff9a6610000 - 0x00007ff9a670a000 	C:\WINDOWS\System32\SHCORE.dll
0x00007ff9a61d0000 - 0x00007ff9a622e000 	C:\WINDOWS\System32\shlwapi.dll
0x00007ff9a55e0000 - 0x00007ff9a560b000 	C:\WINDOWS\SYSTEM32\profapi.dll
0x00007ff9a1e40000 - 0x00007ff9a1e50000 	C:\Users\herhel001\AppData\Local\Programs\IntelliJ IDEA Ultimate\jbr\bin\net.dll
0x00007ff9a46d0000 - 0x00007ff9a4806000 	C:\WINDOWS\SYSTEM32\WINHTTP.dll
0x00007ff9a4c60000 - 0x00007ff9a4cc9000 	C:\WINDOWS\system32\mswsock.dll
0x00007ff9a1970000 - 0x00007ff9a1986000 	C:\Users\herhel001\AppData\Local\Programs\IntelliJ IDEA Ultimate\jbr\bin\nio.dll
0x00007ff9a1a20000 - 0x00007ff9a1a2e000 	C:\Users\herhel001\AppData\Local\Programs\IntelliJ IDEA Ultimate\jbr\bin\sunmscapi.dll
0x00007ff9a5bb0000 - 0x00007ff9a5d16000 	C:\WINDOWS\System32\CRYPT32.dll
0x00007ff9a5070000 - 0x00007ff9a509d000 	C:\WINDOWS\SYSTEM32\ncrypt.dll
0x00007ff9a5030000 - 0x00007ff9a5067000 	C:\WINDOWS\SYSTEM32\NTASN1.dll

dbghelp: loaded successfully - version: 4.0.5 - missing functions: none
symbol engine: initialized successfully - sym options: 0x614 - pdb path: .;C:\Users\herhel001\AppData\Local\Programs\IntelliJ IDEA Ultimate\jbr\bin;C:\WINDOWS\SYSTEM32;C:\WINDOWS\WinSxS\amd64_microsoft.windows.common-controls_6595b64144ccf1df_6.0.22621.4541_none_2710d1c57384c085;C:\Users\herhel001\AppData\Local\Programs\IntelliJ IDEA Ultimate\jbr\bin\server;C:\Program Files\Palo Alto Networks\Traps

VM Arguments:
jvm_args: -agentpath:C:\Program Files\Palo Alto Networks\Traps\cyjagent.dll 
java_command: git4idea.http.GitAskPassApp Username for 'https://github.com': 
java_class_path (initial): C:/Users/herhel001/AppData/Local/Programs/IntelliJ IDEA Ultimate/plugins/vcs-git/lib/git4idea-rt.jar;C:/Users/herhel001/AppData/Local/Programs/IntelliJ IDEA Ultimate/lib/externalProcess-rt.jar
Launcher Type: SUN_STANDARD

[Global flags]
     intx CICompilerCount                          = 4                                         {product} {ergonomic}
     uint ConcGCThreads                            = 2                                         {product} {ergonomic}
     uint G1ConcRefinementThreads                  = 8                                         {product} {ergonomic}
   size_t G1HeapRegionSize                         = 2097152                                   {product} {ergonomic}
    uintx GCDrainStackTargetSize                   = 64                                        {product} {ergonomic}
   size_t InitialHeapSize                          = 264241152                                 {product} {ergonomic}
   size_t MarkStackSize                            = 4194304                                   {product} {ergonomic}
   size_t MaxHeapSize                              = 4225761280                                {product} {ergonomic}
   size_t MaxNewSize                               = 2535456768                                {product} {ergonomic}
   size_t MinHeapDeltaBytes                        = 2097152                                   {product} {ergonomic}
   size_t MinHeapSize                              = 8388608                                   {product} {ergonomic}
    uintx NonNMethodCodeHeapSize                   = 5839372                                {pd product} {ergonomic}
    uintx NonProfiledCodeHeapSize                  = 122909434                              {pd product} {ergonomic}
    uintx ProfiledCodeHeapSize                     = 122909434                              {pd product} {ergonomic}
    uintx ReservedCodeCacheSize                    = 251658240                              {pd product} {ergonomic}
     bool SegmentedCodeCache                       = true                                      {product} {ergonomic}
   size_t SoftMaxHeapSize                          = 4225761280                             {manageable} {ergonomic}
     bool UseCompressedOops                        = true                           {product lp64_product} {ergonomic}
     bool UseG1GC                                  = true                                      {product} {ergonomic}
     bool UseLargePagesIndividualAllocation        = false                                  {pd product} {ergonomic}

Logging:
Log output configuration:
 #0: stdout all=warning uptime,level,tags foldmultilines=false
 #1: stderr all=off uptime,level,tags foldmultilines=false

Environment Variables:
PATH=C:/Program Files/Git/mingw64/libexec/git-core;C:/Program Files/Git/mingw64/libexec/git-core;C:\Program Files\Git\mingw64\bin;C:\Program Files\Git\usr\bin;C:\Users\herhel001\bin;C:\Python312\Scripts\;C:\Python312\;C:\WINDOWS\system32;C:\WINDOWS;C:\WINDOWS\System32\Wbem;C:\WINDOWS\System32\WindowsPowerShell\v1.0\;C:\WINDOWS\System32\OpenSSH\;C:\Program Files\dotnet\;C:\WINDOWS\CCM;C:\Program Files\nodejs\;C:\ProgramData\chocolatey\bin;C:\Program Files\Git\cmd;C:\Program Files\Docker\Docker\resources\bin;C:\Users\herhel001\AppData\Local\miniconda3;C:\Users\herhel001\AppData\Local\miniconda3\Library\mingw-w64\bin;C:\Users\herhel001\AppData\Local\miniconda3\Library\usr\bin;C:\Users\herhel001\AppData\Local\miniconda3\Library\bin;C:\Users\herhel001\AppData\Local\miniconda3\Scripts;C:\Users\herhel001\scoop\shims;C:\Users\herhel001\AppData\Local\Microsoft\WindowsApps;C:\Users\herhel001\AppData\Local\JetBrains\Toolbox\scripts;C:\Users\herhel001\AppData\Roaming\npm
USERNAME=herhel001
DISPLAY=:0.0
LC_ALL=en_US.UTF-8
TERM=xterm-256color
TMPDIR=C:\Users\HERHEL~1\AppData\Local\Temp
OS=Windows_NT
PROCESSOR_IDENTIFIER=Intel64 Family 6 Model 140 Stepping 1, GenuineIntel
TMP=C:\Users\HERHEL~1\AppData\Local\Temp
TEMP=C:\Users\HERHEL~1\AppData\Local\Temp




Periodic native trim disabled

JNI global refs:
JNI global refs: 8, weak refs: 0

JNI global refs memory usage: 835, weak refs: 833

Process memory usage:
Resident Set Size: 49644K (0% of 16499172K total physical memory with 336840K free physical memory)

OOME stack traces (most recent first):
Classloader memory used:
Loader bootstrap                                                                       : 9983K
Loader jdk.internal.loader.ClassLoaders$PlatformClassLoader                            : 139K
Loader jdk.internal.loader.ClassLoaders$AppClassLoader                                 : 16408B

---------------  S Y S T E M  ---------------

OS:
 Windows 11 , 64 bit Build 22621 (10.0.22621.4391)
OS uptime: 15 days 2:21 hours
Hyper-V role detected

CPU: total 8 (initial active 8) (4 cores per cpu, 2 threads per core) family 6 model 140 stepping 1 microcode 0xb8, cx8, cmov, fxsr, ht, mmx, 3dnowpref, sse, sse2, sse3, ssse3, sse4.1, sse4.2, popcnt, lzcnt, tsc, tscinvbit, avx, avx2, aes, erms, clmul, bmi1, bmi2, adx, avx512f, avx512dq, avx512cd, avx512bw, avx512vl, sha, fma, vzeroupper, avx512_vpopcntdq, avx512_vpclmulqdq, avx512_vaes, avx512_vnni, clflush, clflushopt, clwb, avx512_vbmi2, avx512_vbmi, hv, rdtscp, rdpid, fsrm, gfni, avx512_bitalg, f16c, cet_ibt, cet_ss, avx512_ifma
Processor Information for all 8 processors :
  Max Mhz: 1997, Current Mhz: 1997, Mhz Limit: 1997

Memory: 4k page, system-wide physical 16112M (329M free)
TotalPageFile size 46465M (AvailPageFile size 322M)
current process WorkingSet (physical memory assigned to process): 48M, peak: 48M
current process commit charge ("private bytes"): 339M, peak: 340M

vm_info: OpenJDK 64-Bit Server VM (21.0.3+13-b509.15) for windows-amd64 JRE (21.0.3+13-b509.15), built on 2024-09-04 by "builduser" with MS VC++ 16.10 / 16.11 (VS2019)

END.
